{"C:\\Users\\Odafe\\Desktop\\tests\\APP_5\\src\\app.js": {"path":"C:\\Users\\Odafe\\Desktop\\tests\\APP_5\\src\\app.js","statementMap":{"0":{"start":{"line":4,"column":4},"end":{"line":4,"column":17}},"1":{"start":{"line":9,"column":4},"end":{"line":11,"column":13}},"2":{"start":{"line":10,"column":6},"end":{"line":10,"column":45}},"3":{"start":{"line":14,"column":2},"end":{"line":14,"column":38}}},"fnMap":{"0":{"name":"add","decl":{"start":{"line":3,"column":9},"end":{"line":3,"column":12}},"loc":{"start":{"line":3,"column":19},"end":{"line":5,"column":3}},"line":3},"1":{"name":"fetchData","decl":{"start":{"line":7,"column":11},"end":{"line":7,"column":20}},"loc":{"start":{"line":7,"column":31},"end":{"line":12,"column":3}},"line":7},"2":{"name":"(anonymous_2)","decl":{"start":{"line":9,"column":15},"end":{"line":9,"column":16}},"loc":{"start":{"line":9,"column":21},"end":{"line":11,"column":5}},"line":9}},"branchMap":{},"s":{"0":1,"1":1,"2":0,"3":1},"f":{"0":1,"1":1,"2":0},"b":{},"_coverageSchema":"1a1c01bbd47fc00a2c39e90264f33305004495a9","hash":"b5917a18ccafcec280793a3e8341aca2374e4db1"}
}
